[05-Nov-2025 22:45:06 Europe/Paris] PHP Warning:  require_once(/home/mhdlmsk/web_green_toptea/hq/hq_html/html/cpsys): Failed to open stream: No such file or directory in /home/mhdlmsk/web_green_toptea/hq/hq_html/app/helpers/kds/kds_repo_a.php on line 21
[05-Nov-2025 22:45:06 Europe/Paris] PHP Fatal error:  Uncaught Error: Failed opening required '' (include_path='.:/usr/local/php8.2/lib/php') in /home/mhdlmsk/web_green_toptea/hq/hq_html/app/helpers/kds/kds_repo_a.php:21
Stack trace:
#0 /home/mhdlmsk/web_green_toptea/hq/hq_html/app/helpers/kds_helper.php(2): require_once()
#1 /home/mhdlmsk/web_green_toptea/hq/hq_html/html/cpsys/index.php(35): require_once('/home/mhdlmsk/w...')
#2 {main}
  thrown in /home/mhdlmsk/web_green_toptea/hq/hq_html/app/helpers/kds/kds_repo_a.php on line 21
[05-Nov-2025 23:17:19 Europe/Paris] PHP Warning:  require_once(/home/mhdlmsk/web_green_toptea/hq/hq_html/html/cpsys): Failed to open stream: No such file or directory in /home/mhdlmsk/web_green_toptea/hq/hq_html/app/helpers/kds/kds_repo_a.php on line 21
[05-Nov-2025 23:17:19 Europe/Paris] PHP Fatal error:  Uncaught Error: Failed opening required '' (include_path='.:/usr/local/php8.2/lib/php') in /home/mhdlmsk/web_green_toptea/hq/hq_html/app/helpers/kds/kds_repo_a.php:21
Stack trace:
#0 /home/mhdlmsk/web_green_toptea/hq/hq_html/app/helpers/kds_helper.php(2): require_once()
#1 /home/mhdlmsk/web_green_toptea/hq/hq_html/html/cpsys/index.php(35): require_once('/home/mhdlmsk/w...')
#2 {main}
  thrown in /home/mhdlmsk/web_green_toptea/hq/hq_html/app/helpers/kds/kds_repo_a.php on line 21
[05-Nov-2025 23:18:00 Europe/Paris] PHP Warning:  require_once(/home/mhdlmsk/web_green_toptea/hq/hq_html/html/cpsys): Failed to open stream: No such file or directory in /home/mhdlmsk/web_green_toptea/hq/hq_html/app/helpers/kds/kds_repo_a.php on line 21
[05-Nov-2025 23:18:00 Europe/Paris] PHP Fatal error:  Uncaught Error: Failed opening required '' (include_path='.:/usr/local/php8.2/lib/php') in /home/mhdlmsk/web_green_toptea/hq/hq_html/app/helpers/kds/kds_repo_a.php:21
Stack trace:
#0 /home/mhdlmsk/web_green_toptea/hq/hq_html/app/helpers/kds_helper.php(2): require_once()
#1 /home/mhdlmsk/web_green_toptea/hq/hq_html/html/cpsys/index.php(35): require_once('/home/mhdlmsk/w...')
#2 {main}
  thrown in /home/mhdlmsk/web_green_toptea/hq/hq_html/app/helpers/kds/kds_repo_a.php on line 21
[05-Nov-2025 23:20:02 Europe/Paris] PHP Warning:  require_once(/home/mhdlmsk/web_green_toptea/hq/hq_html/html/cpsys): Failed to open stream: No such file or directory in /home/mhdlmsk/web_green_toptea/hq/hq_html/app/helpers/kds/kds_repo_a.php on line 21
[05-Nov-2025 23:20:02 Europe/Paris] PHP Fatal error:  Uncaught Error: Failed opening required '' (include_path='.:/usr/local/php8.2/lib/php') in /home/mhdlmsk/web_green_toptea/hq/hq_html/app/helpers/kds/kds_repo_a.php:21
Stack trace:
#0 /home/mhdlmsk/web_green_toptea/hq/hq_html/app/helpers/kds_helper.php(2): require_once()
#1 /home/mhdlmsk/web_green_toptea/hq/hq_html/html/cpsys/index.php(35): require_once('/home/mhdlmsk/w...')
#2 {main}
  thrown in /home/mhdlmsk/web_green_toptea/hq/hq_html/app/helpers/kds/kds_repo_a.php on line 21
[05-Nov-2025 23:21:14 Europe/Paris] PHP Warning:  require_once(/home/mhdlmsk/web_green_toptea/hq/hq_html/html/cpsys): Failed to open stream: No such file or directory in /home/mhdlmsk/web_green_toptea/hq/hq_html/app/helpers/kds/kds_repo_a.php on line 21
[05-Nov-2025 23:21:14 Europe/Paris] PHP Fatal error:  Uncaught Error: Failed opening required '' (include_path='.:/usr/local/php8.2/lib/php') in /home/mhdlmsk/web_green_toptea/hq/hq_html/app/helpers/kds/kds_repo_a.php:21
Stack trace:
#0 /home/mhdlmsk/web_green_toptea/hq/hq_html/app/helpers/kds_helper.php(2): require_once()
#1 /home/mhdlmsk/web_green_toptea/hq/hq_html/html/cpsys/index.php(35): require_once('/home/mhdlmsk/w...')
#2 {main}
  thrown in /home/mhdlmsk/web_green_toptea/hq/hq_html/app/helpers/kds/kds_repo_a.php on line 21
[05-Nov-2025 23:27:37 Europe/Paris] PHP Fatal error:  Uncaught Error: Call to undefined function getAllMaterials() in /home/mhdlmsk/web_green_toptea/hq/hq_html/html/cpsys/index.php:67
Stack trace:
#0 {main}
  thrown in /home/mhdlmsk/web_green_toptea/hq/hq_html/html/cpsys/index.php on line 67
[05-Nov-2025 23:28:02 Europe/Paris] PHP Fatal error:  Uncaught Error: Call to undefined function getAllMaterials() in /home/mhdlmsk/web_green_toptea/hq/hq_html/html/cpsys/index.php:67
Stack trace:
#0 {main}
  thrown in /home/mhdlmsk/web_green_toptea/hq/hq_html/html/cpsys/index.php on line 67
[05-Nov-2025 23:29:13 Europe/Paris] PHP Fatal error:  Uncaught Error: Call to undefined function getAllMaterials() in /home/mhdlmsk/web_green_toptea/hq/hq_html/html/cpsys/index.php:67
Stack trace:
#0 {main}
  thrown in /home/mhdlmsk/web_green_toptea/hq/hq_html/html/cpsys/index.php on line 67
[05-Nov-2025 23:29:23 Europe/Paris] PHP Fatal error:  Uncaught Error: Call to undefined function getAllMaterials() in /home/mhdlmsk/web_green_toptea/hq/hq_html/html/cpsys/index.php:67
Stack trace:
#0 {main}
  thrown in /home/mhdlmsk/web_green_toptea/hq/hq_html/html/cpsys/index.php on line 67
[05-Nov-2025 23:29:24 Europe/Paris] PHP Fatal error:  Uncaught Error: Call to undefined function getAllMaterials() in /home/mhdlmsk/web_green_toptea/hq/hq_html/html/cpsys/index.php:67
Stack trace:
#0 {main}
  thrown in /home/mhdlmsk/web_green_toptea/hq/hq_html/html/cpsys/index.php on line 67
[05-Nov-2025 23:29:24 Europe/Paris] PHP Fatal error:  Uncaught Error: Call to undefined function getAllMaterials() in /home/mhdlmsk/web_green_toptea/hq/hq_html/html/cpsys/index.php:67
Stack trace:
#0 {main}
  thrown in /home/mhdlmsk/web_green_toptea/hq/hq_html/html/cpsys/index.php on line 67
[05-Nov-2025 23:29:25 Europe/Paris] PHP Fatal error:  Uncaught Error: Call to undefined function getAllMaterials() in /home/mhdlmsk/web_green_toptea/hq/hq_html/html/cpsys/index.php:67
Stack trace:
#0 {main}
  thrown in /home/mhdlmsk/web_green_toptea/hq/hq_html/html/cpsys/index.php on line 67
[05-Nov-2025 23:29:25 Europe/Paris] PHP Fatal error:  Uncaught Error: Call to undefined function getAllMaterials() in /home/mhdlmsk/web_green_toptea/hq/hq_html/html/cpsys/index.php:67
Stack trace:
#0 {main}
  thrown in /home/mhdlmsk/web_green_toptea/hq/hq_html/html/cpsys/index.php on line 67
[05-Nov-2025 23:29:26 Europe/Paris] PHP Fatal error:  Uncaught Error: Call to undefined function getAllMaterials() in /home/mhdlmsk/web_green_toptea/hq/hq_html/html/cpsys/index.php:67
Stack trace:
#0 {main}
  thrown in /home/mhdlmsk/web_green_toptea/hq/hq_html/html/cpsys/index.php on line 67
[05-Nov-2025 23:29:26 Europe/Paris] PHP Fatal error:  Uncaught Error: Call to undefined function getAllMaterials() in /home/mhdlmsk/web_green_toptea/hq/hq_html/html/cpsys/index.php:67
Stack trace:
#0 {main}
  thrown in /home/mhdlmsk/web_green_toptea/hq/hq_html/html/cpsys/index.php on line 67
[05-Nov-2025 23:29:27 Europe/Paris] PHP Fatal error:  Uncaught Error: Call to undefined function getAllMaterials() in /home/mhdlmsk/web_green_toptea/hq/hq_html/html/cpsys/index.php:67
Stack trace:
#0 {main}
  thrown in /home/mhdlmsk/web_green_toptea/hq/hq_html/html/cpsys/index.php on line 67
[05-Nov-2025 23:29:27 Europe/Paris] PHP Fatal error:  Uncaught Error: Call to undefined function getAllMaterials() in /home/mhdlmsk/web_green_toptea/hq/hq_html/html/cpsys/index.php:67
Stack trace:
#0 {main}
  thrown in /home/mhdlmsk/web_green_toptea/hq/hq_html/html/cpsys/index.php on line 67
[06-Nov-2025 01:01:19 Europe/Paris] PHP Fatal error:  Uncaught Error: Call to undefined function getAllMaterials() in /home/mhdlmsk/web_green_toptea/hq/hq_html/html/cpsys/index.php:284
Stack trace:
#0 {main}
  thrown in /home/mhdlmsk/web_green_toptea/hq/hq_html/html/cpsys/index.php on line 284
[06-Nov-2025 01:01:55 Europe/Paris] PHP Fatal error:  Uncaught Error: Call to undefined function getAllUnits() in /home/mhdlmsk/web_green_toptea/hq/hq_html/html/cpsys/index.php:292
Stack trace:
#0 {main}
  thrown in /home/mhdlmsk/web_green_toptea/hq/hq_html/html/cpsys/index.php on line 292
[06-Nov-2025 01:01:59 Europe/Paris] PHP Fatal error:  Uncaught Error: Call to undefined function getAllMaterials() in /home/mhdlmsk/web_green_toptea/hq/hq_html/html/cpsys/index.php:284
Stack trace:
#0 {main}
  thrown in /home/mhdlmsk/web_green_toptea/hq/hq_html/html/cpsys/index.php on line 284
[06-Nov-2025 01:02:02 Europe/Paris] PHP Fatal error:  Uncaught Error: Call to undefined function getAllMaterials() in /home/mhdlmsk/web_green_toptea/hq/hq_html/html/cpsys/index.php:284
Stack trace:
#0 {main}
  thrown in /home/mhdlmsk/web_green_toptea/hq/hq_html/html/cpsys/index.php on line 284
[06-Nov-2025 01:02:04 Europe/Paris] PHP Fatal error:  Uncaught Error: Call to undefined function getAllMaterials() in /home/mhdlmsk/web_green_toptea/hq/hq_html/html/cpsys/index.php:284
Stack trace:
#0 {main}
  thrown in /home/mhdlmsk/web_green_toptea/hq/hq_html/html/cpsys/index.php on line 284
[06-Nov-2025 01:02:07 Europe/Paris] PHP Fatal error:  Uncaught Error: Call to undefined function getAllUnits() in /home/mhdlmsk/web_green_toptea/hq/hq_html/html/cpsys/index.php:292
Stack trace:
#0 {main}
  thrown in /home/mhdlmsk/web_green_toptea/hq/hq_html/html/cpsys/index.php on line 292
[06-Nov-2025 01:14:28 Europe/Paris] PHP Fatal error:  Uncaught Error: Call to undefined function getAllMaterials() in /home/mhdlmsk/web_green_toptea/hq/hq_html/html/cpsys/index.php:284
Stack trace:
#0 {main}
  thrown in /home/mhdlmsk/web_green_toptea/hq/hq_html/html/cpsys/index.php on line 284
[06-Nov-2025 01:14:30 Europe/Paris] PHP Fatal error:  Uncaught Error: Call to undefined function getAllMaterials() in /home/mhdlmsk/web_green_toptea/hq/hq_html/html/cpsys/index.php:284
Stack trace:
#0 {main}
  thrown in /home/mhdlmsk/web_green_toptea/hq/hq_html/html/cpsys/index.php on line 284
[06-Nov-2025 01:14:38 Europe/Paris] PHP Fatal error:  Uncaught Error: Call to undefined function getAllMaterials() in /home/mhdlmsk/web_green_toptea/hq/hq_html/html/cpsys/index.php:284
Stack trace:
#0 {main}
  thrown in /home/mhdlmsk/web_green_toptea/hq/hq_html/html/cpsys/index.php on line 284
[06-Nov-2025 01:14:41 Europe/Paris] PHP Fatal error:  Uncaught Error: Call to undefined function getAllUnits() in /home/mhdlmsk/web_green_toptea/hq/hq_html/html/cpsys/index.php:292
Stack trace:
#0 {main}
  thrown in /home/mhdlmsk/web_green_toptea/hq/hq_html/html/cpsys/index.php on line 292
[06-Nov-2025 01:28:33 Europe/Paris] PHP Fatal error:  Uncaught Error: Call to undefined function getAllMaterials() in /home/mhdlmsk/web_green_toptea/hq/hq_html/html/cpsys/index.php:284
Stack trace:
#0 {main}
  thrown in /home/mhdlmsk/web_green_toptea/hq/hq_html/html/cpsys/index.php on line 284
[06-Nov-2025 01:28:35 Europe/Paris] PHP Fatal error:  Uncaught Error: Call to undefined function getAllMaterials() in /home/mhdlmsk/web_green_toptea/hq/hq_html/html/cpsys/index.php:284
Stack trace:
#0 {main}
  thrown in /home/mhdlmsk/web_green_toptea/hq/hq_html/html/cpsys/index.php on line 284
[06-Nov-2025 01:28:37 Europe/Paris] PHP Fatal error:  Uncaught Error: Call to undefined function getAllUnits() in /home/mhdlmsk/web_green_toptea/hq/hq_html/html/cpsys/index.php:292
Stack trace:
#0 {main}
  thrown in /home/mhdlmsk/web_green_toptea/hq/hq_html/html/cpsys/index.php on line 292
[06-Nov-2025 01:30:54 Europe/Paris] PHP Fatal error:  Uncaught Error: Call to undefined function getAllMaterials() in /home/mhdlmsk/web_green_toptea/hq/hq_html/html/cpsys/index.php:284
Stack trace:
#0 {main}
  thrown in /home/mhdlmsk/web_green_toptea/hq/hq_html/html/cpsys/index.php on line 284
[06-Nov-2025 01:30:56 Europe/Paris] PHP Fatal error:  Uncaught Error: Call to undefined function getAllUnits() in /home/mhdlmsk/web_green_toptea/hq/hq_html/html/cpsys/index.php:292
Stack trace:
#0 {main}
  thrown in /home/mhdlmsk/web_green_toptea/hq/hq_html/html/cpsys/index.php on line 292
[06-Nov-2025 01:39:48 Europe/Paris] PHP Fatal error:  Uncaught Error: Call to undefined function getAllMaterials() in /home/mhdlmsk/web_green_toptea/hq/hq_html/html/cpsys/index.php:284
Stack trace:
#0 {main}
  thrown in /home/mhdlmsk/web_green_toptea/hq/hq_html/html/cpsys/index.php on line 284
[06-Nov-2025 01:39:51 Europe/Paris] PHP Fatal error:  Uncaught Error: Call to undefined function getAllUnits() in /home/mhdlmsk/web_green_toptea/hq/hq_html/html/cpsys/index.php:292
Stack trace:
#0 {main}
  thrown in /home/mhdlmsk/web_green_toptea/hq/hq_html/html/cpsys/index.php on line 292
[06-Nov-2025 01:40:06 Europe/Paris] PHP Fatal error:  Uncaught Error: Call to undefined function getAllMaterials() in /home/mhdlmsk/web_green_toptea/hq/hq_html/html/cpsys/index.php:284
Stack trace:
#0 {main}
  thrown in /home/mhdlmsk/web_green_toptea/hq/hq_html/html/cpsys/index.php on line 284
[06-Nov-2025 01:41:01 Europe/Paris] PHP Fatal error:  Cannot redeclare handle_material_get() (previously declared in /home/mhdlmsk/web_green_toptea/hq/hq_html/app/helpers/kds/kds_repo_a.php:68) in /home/mhdlmsk/web_green_toptea/hq/hq_html/html/cpsys/api/registries/cpsys_registry_rms.php on line 22
[06-Nov-2025 01:41:21 Europe/Paris] PHP Fatal error:  Uncaught Error: Call to undefined function getAllMaterials() in /home/mhdlmsk/web_green_toptea/hq/hq_html/html/cpsys/index.php:284
Stack trace:
#0 {main}
  thrown in /home/mhdlmsk/web_green_toptea/hq/hq_html/html/cpsys/index.php on line 284
[06-Nov-2025 01:41:23 Europe/Paris] PHP Fatal error:  Uncaught Error: Call to undefined function getAllMaterials() in /home/mhdlmsk/web_green_toptea/hq/hq_html/html/cpsys/index.php:284
Stack trace:
#0 {main}
  thrown in /home/mhdlmsk/web_green_toptea/hq/hq_html/html/cpsys/index.php on line 284
[06-Nov-2025 01:41:28 Europe/Paris] PHP Fatal error:  Cannot redeclare handle_material_get() (previously declared in /home/mhdlmsk/web_green_toptea/hq/hq_html/app/helpers/kds/kds_repo_a.php:68) in /home/mhdlmsk/web_green_toptea/hq/hq_html/html/cpsys/api/registries/cpsys_registry_rms.php on line 22
[06-Nov-2025 01:41:30 Europe/Paris] PHP Fatal error:  Uncaught Error: Call to undefined function getAllMaterials() in /home/mhdlmsk/web_green_toptea/hq/hq_html/html/cpsys/index.php:284
Stack trace:
#0 {main}
  thrown in /home/mhdlmsk/web_green_toptea/hq/hq_html/html/cpsys/index.php on line 284
[06-Nov-2025 01:49:16 Europe/Paris] PHP Warning:  require_once(/home/mhdlmsk/web_green_toptea/hq/hq_html/html/cpsys/api): Failed to open stream: No such file or directory in /home/mhdlmsk/web_green_toptea/hq/hq_html/html/cpsys/api/registries/cpsys_registry_rms.php on line 64
[06-Nov-2025 01:49:23 Europe/Paris] PHP Warning:  require_once(/home/mhdlmsk/web_green_toptea/hq/hq_html/html/cpsys/api): Failed to open stream: No such file or directory in /home/mhdlmsk/web_green_toptea/hq/hq_html/html/cpsys/api/registries/cpsys_registry_rms.php on line 64
[06-Nov-2025 01:50:29 Europe/Paris] PHP Fatal error:  Uncaught Error: Call to undefined function getAllMaterials() in /home/mhdlmsk/web_green_toptea/hq/hq_html/html/cpsys/index.php:284
Stack trace:
#0 {main}
  thrown in /home/mhdlmsk/web_green_toptea/hq/hq_html/html/cpsys/index.php on line 284
[06-Nov-2025 01:50:34 Europe/Paris] PHP Fatal error:  Cannot redeclare handle_material_get() (previously declared in /home/mhdlmsk/web_green_toptea/hq/hq_html/app/helpers/kds/kds_repo_a.php:68) in /home/mhdlmsk/web_green_toptea/hq/hq_html/html/cpsys/api/registries/cpsys_registry_rms.php on line 68
[06-Nov-2025 01:53:22 Europe/Paris] PHP Fatal error:  Cannot redeclare handle_rms_global_rule_get() (previously declared in /home/mhdlmsk/web_green_toptea/hq/hq_html/app/helpers/kds/kds_repo_a.php:328) in /home/mhdlmsk/web_green_toptea/hq/hq_html/html/cpsys/api/registries/cpsys_registry_rms.php on line 322
[06-Nov-2025 01:53:44 Europe/Paris] PHP Fatal error:  Cannot redeclare handle_rms_global_rule_get() (previously declared in /home/mhdlmsk/web_green_toptea/hq/hq_html/app/helpers/kds/kds_repo_a.php:328) in /home/mhdlmsk/web_green_toptea/hq/hq_html/html/cpsys/api/registries/cpsys_registry_rms.php on line 322
[06-Nov-2025 01:58:29 Europe/Paris] PHP Fatal error:  Uncaught Error: Call to undefined function getAllMaterials() in /home/mhdlmsk/web_green_toptea/hq/hq_html/html/cpsys/index.php:284
Stack trace:
#0 {main}
  thrown in /home/mhdlmsk/web_green_toptea/hq/hq_html/html/cpsys/index.php on line 284
[06-Nov-2025 01:58:31 Europe/Paris] PHP Fatal error:  Uncaught Error: Call to undefined function getAllMaterials() in /home/mhdlmsk/web_green_toptea/hq/hq_html/html/cpsys/index.php:284
Stack trace:
#0 {main}
  thrown in /home/mhdlmsk/web_green_toptea/hq/hq_html/html/cpsys/index.php on line 284
[06-Nov-2025 01:59:00 Europe/Paris] PHP Fatal error:  Uncaught Error: Call to undefined function getAllMaterials() in /home/mhdlmsk/web_green_toptea/hq/hq_html/html/cpsys/index.php:284
Stack trace:
#0 {main}
  thrown in /home/mhdlmsk/web_green_toptea/hq/hq_html/html/cpsys/index.php on line 284
[06-Nov-2025 02:06:43 Europe/Paris] PHP Fatal error:  Uncaught Error: Call to undefined function getAllMaterials() in /home/mhdlmsk/web_green_toptea/hq/hq_html/html/cpsys/index.php:307
Stack trace:
#0 {main}
  thrown in /home/mhdlmsk/web_green_toptea/hq/hq_html/html/cpsys/index.php on line 307
[06-Nov-2025 02:09:16 Europe/Paris] PHP Fatal error:  Uncaught Error: Call to undefined function getAllMaterials() in /home/mhdlmsk/web_green_toptea/hq/hq_html/html/cpsys/index.php:299
Stack trace:
#0 {main}
  thrown in /home/mhdlmsk/web_green_toptea/hq/hq_html/html/cpsys/index.php on line 299
[06-Nov-2025 02:09:31 Europe/Paris] PHP Fatal error:  Uncaught Error: Call to undefined function getAllMaterials() in /home/mhdlmsk/web_green_toptea/hq/hq_html/html/cpsys/index.php:299
Stack trace:
#0 {main}
  thrown in /home/mhdlmsk/web_green_toptea/hq/hq_html/html/cpsys/index.php on line 299
[06-Nov-2025 02:09:33 Europe/Paris] PHP Fatal error:  Uncaught Error: Call to undefined function getAllMaterials() in /home/mhdlmsk/web_green_toptea/hq/hq_html/html/cpsys/index.php:299
Stack trace:
#0 {main}
  thrown in /home/mhdlmsk/web_green_toptea/hq/hq_html/html/cpsys/index.php on line 299
[06-Nov-2025 02:09:33 Europe/Paris] PHP Fatal error:  Uncaught Error: Call to undefined function getAllMaterials() in /home/mhdlmsk/web_green_toptea/hq/hq_html/html/cpsys/index.php:299
Stack trace:
#0 {main}
  thrown in /home/mhdlmsk/web_green_toptea/hq/hq_html/html/cpsys/index.php on line 299
[06-Nov-2025 02:09:46 Europe/Paris] PHP Fatal error:  Uncaught Error: Call to undefined function getAllMaterials() in /home/mhdlmsk/web_green_toptea/hq/hq_html/html/cpsys/index.php:299
Stack trace:
#0 {main}
  thrown in /home/mhdlmsk/web_green_toptea/hq/hq_html/html/cpsys/index.php on line 299
[06-Nov-2025 02:09:47 Europe/Paris] PHP Fatal error:  Uncaught Error: Call to undefined function getAllMaterials() in /home/mhdlmsk/web_green_toptea/hq/hq_html/html/cpsys/index.php:299
Stack trace:
#0 {main}
  thrown in /home/mhdlmsk/web_green_toptea/hq/hq_html/html/cpsys/index.php on line 299
[06-Nov-2025 02:18:50 Europe/Paris] PHP Fatal error:  Uncaught RuntimeException: kds_repo_a.php loaded but getAllMaterials() is still missing. in /home/mhdlmsk/web_green_toptea/hq/hq_html/html/cpsys/index.php:25
Stack trace:
#0 /home/mhdlmsk/web_green_toptea/hq/hq_html/html/cpsys/index.php(302): __ensure_repo_a()
#1 {main}
  thrown in /home/mhdlmsk/web_green_toptea/hq/hq_html/html/cpsys/index.php on line 25
[06-Nov-2025 02:45:39 Europe/Paris] PHP Fatal error:  Uncaught Error: Call to undefined function getAllStores() in /home/mhdlmsk/web_green_toptea/hq/hq_html/html/cpsys/index.php:383
Stack trace:
#0 {main}
  thrown in /home/mhdlmsk/web_green_toptea/hq/hq_html/html/cpsys/index.php on line 383
[06-Nov-2025 02:45:46 Europe/Paris] PHP Fatal error:  Uncaught Error: Call to undefined function getAllStores() in /home/mhdlmsk/web_green_toptea/hq/hq_html/html/cpsys/index.php:169
Stack trace:
#0 {main}
  thrown in /home/mhdlmsk/web_green_toptea/hq/hq_html/html/cpsys/index.php on line 169
[06-Nov-2025 02:45:54 Europe/Paris] PHP Fatal error:  Uncaught Error: Call to undefined function getAllPrintTemplates() in /home/mhdlmsk/web_green_toptea/hq/hq_html/html/cpsys/index.php:306
Stack trace:
#0 {main}
  thrown in /home/mhdlmsk/web_green_toptea/hq/hq_html/html/cpsys/index.php on line 306
[06-Nov-2025 02:46:39 Europe/Paris] PHP Fatal error:  Uncaught Error: Call to undefined function getAllPosCategories() in /home/mhdlmsk/web_green_toptea/hq/hq_html/html/cpsys/index.php:204
Stack trace:
#0 {main}
  thrown in /home/mhdlmsk/web_green_toptea/hq/hq_html/html/cpsys/index.php on line 204
[06-Nov-2025 02:46:42 Europe/Paris] PHP Fatal error:  Uncaught Error: Call to undefined function getAllPosCategories() in /home/mhdlmsk/web_green_toptea/hq/hq_html/html/cpsys/index.php:223
Stack trace:
#0 {main}
  thrown in /home/mhdlmsk/web_green_toptea/hq/hq_html/html/cpsys/index.php on line 223
[06-Nov-2025 02:47:02 Europe/Paris] PHP Fatal error:  Uncaught Error: Call to undefined function getAllPromotions() in /home/mhdlmsk/web_green_toptea/hq/hq_html/html/cpsys/index.php:254
Stack trace:
#0 {main}
  thrown in /home/mhdlmsk/web_green_toptea/hq/hq_html/html/cpsys/index.php on line 254
[06-Nov-2025 02:47:21 Europe/Paris] PHP Fatal error:  Uncaught Error: Call to undefined function getAllMemberLevels() in /home/mhdlmsk/web_green_toptea/hq/hq_html/html/cpsys/index.php:276
Stack trace:
#0 {main}
  thrown in /home/mhdlmsk/web_green_toptea/hq/hq_html/html/cpsys/index.php on line 276
[06-Nov-2025 02:47:24 Europe/Paris] PHP Fatal error:  Uncaught Error: Call to undefined function getAllMemberLevels() in /home/mhdlmsk/web_green_toptea/hq/hq_html/html/cpsys/index.php:276
Stack trace:
#0 {main}
  thrown in /home/mhdlmsk/web_green_toptea/hq/hq_html/html/cpsys/index.php on line 276
[06-Nov-2025 02:47:34 Europe/Paris] PHP Fatal error:  Uncaught Error: Call to undefined function getAllMembers() in /home/mhdlmsk/web_green_toptea/hq/hq_html/html/cpsys/index.php:284
Stack trace:
#0 {main}
  thrown in /home/mhdlmsk/web_green_toptea/hq/hq_html/html/cpsys/index.php on line 284
[06-Nov-2025 02:47:47 Europe/Paris] PHP Fatal error:  Uncaught Error: Call to undefined function getAllRedemptionRules() in /home/mhdlmsk/web_green_toptea/hq/hq_html/html/cpsys/index.php:298
Stack trace:
#0 {main}
  thrown in /home/mhdlmsk/web_green_toptea/hq/hq_html/html/cpsys/index.php on line 298
[06-Nov-2025 02:50:33 Europe/Paris] PHP Fatal error:  Uncaught Error: Call to undefined function getAllRedemptionRules() in /home/mhdlmsk/web_green_toptea/hq/hq_html/html/cpsys/index.php:298
Stack trace:
#0 {main}
  thrown in /home/mhdlmsk/web_green_toptea/hq/hq_html/html/cpsys/index.php on line 298
[06-Nov-2025 03:00:15 Europe/Paris] PHP Fatal error:  Uncaught RuntimeException: kds_repo_a.php loaded but getAllMaterials() is missing. in /home/mhdlmsk/web_green_toptea/hq/hq_html/html/cpsys/index.php:57
Stack trace:
#0 {main}
  thrown in /home/mhdlmsk/web_green_toptea/hq/hq_html/html/cpsys/index.php on line 57
[06-Nov-2025 03:00:17 Europe/Paris] PHP Fatal error:  Uncaught RuntimeException: kds_repo_a.php loaded but getAllMaterials() is missing. in /home/mhdlmsk/web_green_toptea/hq/hq_html/html/cpsys/index.php:57
Stack trace:
#0 {main}
  thrown in /home/mhdlmsk/web_green_toptea/hq/hq_html/html/cpsys/index.php on line 57
[06-Nov-2025 03:00:44 Europe/Paris] PHP Fatal error:  Uncaught RuntimeException: kds_repo_a.php loaded but getAllMaterials() is missing. in /home/mhdlmsk/web_green_toptea/hq/hq_html/html/cpsys/index.php:57
Stack trace:
#0 {main}
  thrown in /home/mhdlmsk/web_green_toptea/hq/hq_html/html/cpsys/index.php on line 57
[06-Nov-2025 03:00:45 Europe/Paris] PHP Fatal error:  Uncaught RuntimeException: kds_repo_a.php loaded but getAllMaterials() is missing. in /home/mhdlmsk/web_green_toptea/hq/hq_html/html/cpsys/index.php:57
Stack trace:
#0 {main}
  thrown in /home/mhdlmsk/web_green_toptea/hq/hq_html/html/cpsys/index.php on line 57
[06-Nov-2025 03:00:46 Europe/Paris] PHP Fatal error:  Uncaught RuntimeException: kds_repo_a.php loaded but getAllMaterials() is missing. in /home/mhdlmsk/web_green_toptea/hq/hq_html/html/cpsys/index.php:57
Stack trace:
#0 {main}
  thrown in /home/mhdlmsk/web_green_toptea/hq/hq_html/html/cpsys/index.php on line 57
[06-Nov-2025 03:00:46 Europe/Paris] PHP Fatal error:  Uncaught RuntimeException: kds_repo_a.php loaded but getAllMaterials() is missing. in /home/mhdlmsk/web_green_toptea/hq/hq_html/html/cpsys/index.php:57
Stack trace:
#0 {main}
  thrown in /home/mhdlmsk/web_green_toptea/hq/hq_html/html/cpsys/index.php on line 57
[06-Nov-2025 03:00:47 Europe/Paris] PHP Fatal error:  Uncaught RuntimeException: kds_repo_a.php loaded but getAllMaterials() is missing. in /home/mhdlmsk/web_green_toptea/hq/hq_html/html/cpsys/index.php:57
Stack trace:
#0 {main}
  thrown in /home/mhdlmsk/web_green_toptea/hq/hq_html/html/cpsys/index.php on line 57
[06-Nov-2025 03:00:47 Europe/Paris] PHP Fatal error:  Uncaught RuntimeException: kds_repo_a.php loaded but getAllMaterials() is missing. in /home/mhdlmsk/web_green_toptea/hq/hq_html/html/cpsys/index.php:57
Stack trace:
#0 {main}
  thrown in /home/mhdlmsk/web_green_toptea/hq/hq_html/html/cpsys/index.php on line 57
[06-Nov-2025 03:00:48 Europe/Paris] PHP Fatal error:  Uncaught RuntimeException: kds_repo_a.php loaded but getAllMaterials() is missing. in /home/mhdlmsk/web_green_toptea/hq/hq_html/html/cpsys/index.php:57
Stack trace:
#0 {main}
  thrown in /home/mhdlmsk/web_green_toptea/hq/hq_html/html/cpsys/index.php on line 57
[06-Nov-2025 03:00:48 Europe/Paris] PHP Fatal error:  Uncaught RuntimeException: kds_repo_a.php loaded but getAllMaterials() is missing. in /home/mhdlmsk/web_green_toptea/hq/hq_html/html/cpsys/index.php:57
Stack trace:
#0 {main}
  thrown in /home/mhdlmsk/web_green_toptea/hq/hq_html/html/cpsys/index.php on line 57
[06-Nov-2025 03:00:48 Europe/Paris] PHP Fatal error:  Uncaught RuntimeException: kds_repo_a.php loaded but getAllMaterials() is missing. in /home/mhdlmsk/web_green_toptea/hq/hq_html/html/cpsys/index.php:57
Stack trace:
#0 {main}
  thrown in /home/mhdlmsk/web_green_toptea/hq/hq_html/html/cpsys/index.php on line 57
[06-Nov-2025 03:00:48 Europe/Paris] PHP Fatal error:  Uncaught RuntimeException: kds_repo_a.php loaded but getAllMaterials() is missing. in /home/mhdlmsk/web_green_toptea/hq/hq_html/html/cpsys/index.php:57
Stack trace:
#0 {main}
  thrown in /home/mhdlmsk/web_green_toptea/hq/hq_html/html/cpsys/index.php on line 57
[06-Nov-2025 03:00:49 Europe/Paris] PHP Fatal error:  Uncaught RuntimeException: kds_repo_a.php loaded but getAllMaterials() is missing. in /home/mhdlmsk/web_green_toptea/hq/hq_html/html/cpsys/index.php:57
Stack trace:
#0 {main}
  thrown in /home/mhdlmsk/web_green_toptea/hq/hq_html/html/cpsys/index.php on line 57
[06-Nov-2025 03:00:49 Europe/Paris] PHP Fatal error:  Uncaught RuntimeException: kds_repo_a.php loaded but getAllMaterials() is missing. in /home/mhdlmsk/web_green_toptea/hq/hq_html/html/cpsys/index.php:57
Stack trace:
#0 {main}
  thrown in /home/mhdlmsk/web_green_toptea/hq/hq_html/html/cpsys/index.php on line 57
[06-Nov-2025 03:00:49 Europe/Paris] PHP Fatal error:  Uncaught RuntimeException: kds_repo_a.php loaded but getAllMaterials() is missing. in /home/mhdlmsk/web_green_toptea/hq/hq_html/html/cpsys/index.php:57
Stack trace:
#0 {main}
  thrown in /home/mhdlmsk/web_green_toptea/hq/hq_html/html/cpsys/index.php on line 57
[06-Nov-2025 03:00:49 Europe/Paris] PHP Fatal error:  Uncaught RuntimeException: kds_repo_a.php loaded but getAllMaterials() is missing. in /home/mhdlmsk/web_green_toptea/hq/hq_html/html/cpsys/index.php:57
Stack trace:
#0 {main}
  thrown in /home/mhdlmsk/web_green_toptea/hq/hq_html/html/cpsys/index.php on line 57
[06-Nov-2025 03:00:49 Europe/Paris] PHP Fatal error:  Uncaught RuntimeException: kds_repo_a.php loaded but getAllMaterials() is missing. in /home/mhdlmsk/web_green_toptea/hq/hq_html/html/cpsys/index.php:57
Stack trace:
#0 {main}
  thrown in /home/mhdlmsk/web_green_toptea/hq/hq_html/html/cpsys/index.php on line 57
[06-Nov-2025 03:00:50 Europe/Paris] PHP Fatal error:  Uncaught RuntimeException: kds_repo_a.php loaded but getAllMaterials() is missing. in /home/mhdlmsk/web_green_toptea/hq/hq_html/html/cpsys/index.php:57
Stack trace:
#0 {main}
  thrown in /home/mhdlmsk/web_green_toptea/hq/hq_html/html/cpsys/index.php on line 57
[06-Nov-2025 03:00:50 Europe/Paris] PHP Fatal error:  Uncaught RuntimeException: kds_repo_a.php loaded but getAllMaterials() is missing. in /home/mhdlmsk/web_green_toptea/hq/hq_html/html/cpsys/index.php:57
Stack trace:
#0 {main}
  thrown in /home/mhdlmsk/web_green_toptea/hq/hq_html/html/cpsys/index.php on line 57
[06-Nov-2025 03:00:50 Europe/Paris] PHP Fatal error:  Uncaught RuntimeException: kds_repo_a.php loaded but getAllMaterials() is missing. in /home/mhdlmsk/web_green_toptea/hq/hq_html/html/cpsys/index.php:57
Stack trace:
#0 {main}
  thrown in /home/mhdlmsk/web_green_toptea/hq/hq_html/html/cpsys/index.php on line 57
[06-Nov-2025 03:00:50 Europe/Paris] PHP Fatal error:  Uncaught RuntimeException: kds_repo_a.php loaded but getAllMaterials() is missing. in /home/mhdlmsk/web_green_toptea/hq/hq_html/html/cpsys/index.php:57
Stack trace:
#0 {main}
  thrown in /home/mhdlmsk/web_green_toptea/hq/hq_html/html/cpsys/index.php on line 57
[06-Nov-2025 03:00:50 Europe/Paris] PHP Fatal error:  Uncaught RuntimeException: kds_repo_a.php loaded but getAllMaterials() is missing. in /home/mhdlmsk/web_green_toptea/hq/hq_html/html/cpsys/index.php:57
Stack trace:
#0 {main}
  thrown in /home/mhdlmsk/web_green_toptea/hq/hq_html/html/cpsys/index.php on line 57
[06-Nov-2025 03:00:50 Europe/Paris] PHP Fatal error:  Uncaught RuntimeException: kds_repo_a.php loaded but getAllMaterials() is missing. in /home/mhdlmsk/web_green_toptea/hq/hq_html/html/cpsys/index.php:57
Stack trace:
#0 {main}
  thrown in /home/mhdlmsk/web_green_toptea/hq/hq_html/html/cpsys/index.php on line 57
[06-Nov-2025 03:00:51 Europe/Paris] PHP Fatal error:  Uncaught RuntimeException: kds_repo_a.php loaded but getAllMaterials() is missing. in /home/mhdlmsk/web_green_toptea/hq/hq_html/html/cpsys/index.php:57
Stack trace:
#0 {main}
  thrown in /home/mhdlmsk/web_green_toptea/hq/hq_html/html/cpsys/index.php on line 57
[06-Nov-2025 03:00:51 Europe/Paris] PHP Fatal error:  Uncaught RuntimeException: kds_repo_a.php loaded but getAllMaterials() is missing. in /home/mhdlmsk/web_green_toptea/hq/hq_html/html/cpsys/index.php:57
Stack trace:
#0 {main}
  thrown in /home/mhdlmsk/web_green_toptea/hq/hq_html/html/cpsys/index.php on line 57
[06-Nov-2025 03:00:51 Europe/Paris] PHP Fatal error:  Uncaught RuntimeException: kds_repo_a.php loaded but getAllMaterials() is missing. in /home/mhdlmsk/web_green_toptea/hq/hq_html/html/cpsys/index.php:57
Stack trace:
#0 {main}
  thrown in /home/mhdlmsk/web_green_toptea/hq/hq_html/html/cpsys/index.php on line 57
[07-Nov-2025 01:39:49 Europe/Paris] PHP Parse error:  Unmatched '}' in /home/mhdlmsk/web_green_toptea/hq/hq_html/app/helpers/kds/kds_repo_a.php on line 261
[07-Nov-2025 01:40:31 Europe/Paris] PHP Parse error:  Unmatched '}' in /home/mhdlmsk/web_green_toptea/hq/hq_html/app/helpers/kds/kds_repo_a.php on line 261
[07-Nov-2025 01:41:21 Europe/Paris] PHP Parse error:  Unmatched '}' in /home/mhdlmsk/web_green_toptea/hq/hq_html/html/cpsys/api/registries/cpsys_registry_rms.php on line 613
[07-Nov-2025 01:41:33 Europe/Paris] PHP Parse error:  Unmatched '}' in /home/mhdlmsk/web_green_toptea/hq/hq_html/html/cpsys/api/registries/cpsys_registry_rms.php on line 613
[07-Nov-2025 01:43:34 Europe/Paris] PHP Parse error:  Unmatched '}' in /home/mhdlmsk/web_green_toptea/hq/hq_html/app/helpers/kds/kds_repo_a.php on line 261
